<?xml version="1.0" encoding="UTF-8"?>
<!-- Generated by org.testng.reporters.JUnitXMLReporter -->
<testsuite ignored="0" hostname="LAPTOP-P68MVO59" failures="1" tests="6" name="Test" time="0.069" errors="0" timestamp="2023-01-25T18:47:09 IST">
  <testcase classname="testng_practise.HardTest" name="Hard" time="0.015">
    <skipped/>
  </testcase> <!-- Hard -->
  <testcase classname="testng_practise.HardTest" name="Hard" time="0.001">
    <skipped/>
  </testcase> <!-- Hard -->
  <testcase classname="testng_practise.HardTest" name="Hard" time="0.002">
    <skipped/>
  </testcase> <!-- Hard -->
  <testcase classname="testng_practise.HardTest" name="Hard" time="0.0">
    <skipped/>
  </testcase> <!-- Hard -->
  <testcase classname="testng_practise.HardTest" name="Hard" time="0.0">
    <skipped/>
  </testcase> <!-- Hard -->
  <testcase classname="testng_practise.HardTest" name="Hard" time="0.002">
    <failure type="java.lang.AssertionError" message="expected [manoj] but found [Manoj]">
      <![CDATA[java.lang.AssertionError: expected [manoj] but found [Manoj]
at testng_practise.HardTest.Hard(HardTest.java:12)
at java.base/java.util.ArrayList.forEach(ArrayList.java:1511)
... Removed 33 stack frames]]>
    </failure>
  </testcase> <!-- Hard -->
</testsuite> <!-- Test -->
